<?xml version="1.0" encoding="UTF-8"?>
<testng-results ignored="0" total="1" passed="1" failed="0" skipped="0">
  <reporter-output>
  </reporter-output>
  <suite started-at="2025-05-26T15:54:17 IST" name="Default suite" finished-at="2025-05-26T15:54:17 IST" duration-ms="109">
    <groups>
    </groups>
    <test started-at="2025-05-26T15:54:17 IST" name="Default test" finished-at="2025-05-26T15:54:17 IST" duration-ms="109">
      <class name="BasePackage.BaseSetup">
        <test-method signature="readDataFromPropertyFile()[pri:0, instance:BasePackage.BaseSetup@5b7a5baa]" started-at="2025-05-26T15:54:17 IST" name="readDataFromPropertyFile" finished-at="2025-05-26T15:54:17 IST" duration-ms="25" status="PASS">
          <reporter-output>
          </reporter-output>
        </test-method> <!-- readDataFromPropertyFile -->
      </class> <!-- BasePackage.BaseSetup -->
    </test> <!-- Default test -->
  </suite> <!-- Default suite -->
</testng-results>
